09:33:46 **** Incremental Build of configuration Debug for project couple_metre ****
make -j8 all 
arm-none-eabi-gcc -o "couple_metre.elf" @"objects.list"   -mcpu=cortex-m7 -T"C:\Users\asus\STM32CubeIDE\workspace_1.14.1\couple_metre\STM32F746NGHX_FLASH.ld" --specs=nosys.specs -Wl,-Map="couple_metre.map" -Wl,--gc-sections -static --specs=nano.specs -mfpu=fpv5-sp-d16 -mfloat-abi=hard -mthumb -Wl,--start-group -lc -lm -Wl,--end-group
C:/ST/STM32CubeIDE_1.14.1/STM32CubeIDE/plugins/com.st.stm32cube.ide.mcu.externaltools.gnu-tools-for-stm32.11.3.rel1.win32_1.1.100.202309141235/tools/bin/../lib/gcc/arm-none-eabi/11.3.1/../../../../arm-none-eabi/bin/ld.exe: ./Core/Src/main.o:(.rodata+0x10): undefined reference to `vTaskReadSensor'
collect2.exe: error: ld returned 1 exit status
make: *** [makefile:65: couple_metre.elf] Error 1
"make -j8 all" terminated with exit code 2. Build might be incomplete.

09:33:47 Build Failed. 2 errors, 0 warnings. (took 1s.281ms)

